<?xml version="1.0" encoding="UTF-8"?>
<testng-results ignored="0" total="2" passed="2" failed="0" skipped="0">
  <reporter-output>
  </reporter-output>
  <suite started-at="2023-08-31T02:15:02 IST" name="Suite" finished-at="2023-08-31T02:15:24 IST" duration-ms="21589">
    <groups>
    </groups>
    <test started-at="2023-08-31T02:15:02 IST" name="Test" finished-at="2023-08-31T02:15:24 IST" duration-ms="21589">
      <class name="assignment02SeleniumPackage.TC2_SearchCourses">
        <test-method signature="verifyLogin()[pri:0, instance:assignment02SeleniumPackage.TC2_SearchCourses@45099dd3]" started-at="2023-08-31T02:15:02 IST" name="verifyLogin" finished-at="2023-08-31T02:15:20 IST" duration-ms="17881" status="PASS">
          <reporter-output>
          </reporter-output>
        </test-method> <!-- verifyLogin -->
        <test-method signature="searchCourse()[pri:0, instance:assignment02SeleniumPackage.TC2_SearchCourses@45099dd3]" started-at="2023-08-31T02:15:02 IST" name="searchCourse" finished-at="2023-08-31T02:15:24 IST" duration-ms="21538" status="PASS">
          <reporter-output>
          </reporter-output>
        </test-method> <!-- searchCourse -->
      </class> <!-- assignment02SeleniumPackage.TC2_SearchCourses -->
    </test> <!-- Test -->
  </suite> <!-- Suite -->
</testng-results>
